   0  $accept : %entry% $end

   1  ansyn : TERM ansyn
   2        | expr TERM

   3  expr : ID
   4       | INT
   5       | expr PLUS expr
   6       | expr TIME expr
   7       | MINUS expr
   8       | expr MINUS expr
   9       | LPAR expr RPAR

  10  %entry% : '\001' ansyn

state 0
	$accept : . %entry% $end  (0)

	'\001'  shift 1
	.  error

	%entry%  goto 2


state 1
	%entry% : '\001' . ansyn  (10)

	INT  shift 3
	LPAR  shift 4
	TERM  shift 5
	MINUS  shift 6
	ID  shift 7
	.  error

	ansyn  goto 8
	expr  goto 9


state 2
	$accept : %entry% . $end  (0)

	$end  accept


state 3
	expr : INT .  (4)

	.  reduce 4


state 4
	expr : LPAR . expr RPAR  (9)

	INT  shift 3
	LPAR  shift 4
	MINUS  shift 6
	ID  shift 7
	.  error

	expr  goto 10


state 5
	ansyn : TERM . ansyn  (1)

	INT  shift 3
	LPAR  shift 4
	TERM  shift 5
	MINUS  shift 6
	ID  shift 7
	.  error

	ansyn  goto 11
	expr  goto 9


state 6
	expr : MINUS . expr  (7)

	INT  shift 3
	LPAR  shift 4
	MINUS  shift 6
	ID  shift 7
	.  error

	expr  goto 12


state 7
	expr : ID .  (3)

	.  reduce 3


state 8
	%entry% : '\001' ansyn .  (10)

	.  reduce 10


state 9
	ansyn : expr . TERM  (2)
	expr : expr . PLUS expr  (5)
	expr : expr . TIME expr  (6)
	expr : expr . MINUS expr  (8)

	PLUS  shift 13
	TERM  shift 14
	TIME  shift 15
	MINUS  shift 16
	.  error


state 10
	expr : expr . PLUS expr  (5)
	expr : expr . TIME expr  (6)
	expr : expr . MINUS expr  (8)
	expr : LPAR expr . RPAR  (9)

	PLUS  shift 13
	RPAR  shift 17
	TIME  shift 15
	MINUS  shift 16
	.  error


state 11
	ansyn : TERM ansyn .  (1)

	.  reduce 1


state 12
	expr : expr . PLUS expr  (5)
	expr : expr . TIME expr  (6)
	expr : MINUS expr .  (7)
	expr : expr . MINUS expr  (8)

	.  reduce 7


state 13
	expr : expr PLUS . expr  (5)

	INT  shift 3
	LPAR  shift 4
	MINUS  shift 6
	ID  shift 7
	.  error

	expr  goto 18


state 14
	ansyn : expr TERM .  (2)

	.  reduce 2


state 15
	expr : expr TIME . expr  (6)

	INT  shift 3
	LPAR  shift 4
	MINUS  shift 6
	ID  shift 7
	.  error

	expr  goto 19


state 16
	expr : expr MINUS . expr  (8)

	INT  shift 3
	LPAR  shift 4
	MINUS  shift 6
	ID  shift 7
	.  error

	expr  goto 20


state 17
	expr : LPAR expr RPAR .  (9)

	.  reduce 9


state 18
	expr : expr . PLUS expr  (5)
	expr : expr PLUS expr .  (5)
	expr : expr . TIME expr  (6)
	expr : expr . MINUS expr  (8)

	TIME  shift 15
	PLUS  reduce 5
	RPAR  reduce 5
	TERM  reduce 5
	MINUS  reduce 5


state 19
	expr : expr . PLUS expr  (5)
	expr : expr . TIME expr  (6)
	expr : expr TIME expr .  (6)
	expr : expr . MINUS expr  (8)

	.  reduce 6


state 20
	expr : expr . PLUS expr  (5)
	expr : expr . TIME expr  (6)
	expr : expr . MINUS expr  (8)
	expr : expr MINUS expr .  (8)

	TIME  shift 15
	PLUS  reduce 8
	RPAR  reduce 8
	TERM  reduce 8
	MINUS  reduce 8


12 terminals, 4 nonterminals
11 grammar rules, 21 states
